<?xml version="1.0" encoding="UTF-8"?>
<testng-results ignored="0" total="1" passed="1" failed="0" skipped="0">
  <reporter-output>
  </reporter-output>
  <suite started-at="2022-11-29T16:51:19 GMT" name="Default suite" finished-at="2022-11-29T16:51:40 GMT" duration-ms="21371">
    <groups>
    </groups>
    <test started-at="2022-11-29T16:51:19 GMT" name="Default test" finished-at="2022-11-29T16:51:40 GMT" duration-ms="21371">
      <class name="TestJava.KeyWrdSearch">
        <test-method is-config="true" signature="SetUp()[pri:0, instance:TestJava.KeyWrdSearch@1a451d4d]" started-at="2022-11-29T16:51:19 GMT" name="SetUp" finished-at="2022-11-29T16:51:21 GMT" duration-ms="2255" status="PASS">
          <reporter-output>
          </reporter-output>
        </test-method> <!-- SetUp -->
        <test-method signature="Search()[pri:0, instance:TestJava.KeyWrdSearch@1a451d4d]" started-at="2022-11-29T16:51:21 GMT" name="Search" finished-at="2022-11-29T16:51:24 GMT" duration-ms="2803" status="PASS">
          <reporter-output>
          </reporter-output>
        </test-method> <!-- Search -->
        <test-method is-config="true" signature="Close()[pri:0, instance:TestJava.KeyWrdSearch@1a451d4d]" started-at="2022-11-29T16:51:24 GMT" name="Close" finished-at="2022-11-29T16:51:40 GMT" duration-ms="16261" status="PASS">
          <reporter-output>
          </reporter-output>
        </test-method> <!-- Close -->
      </class> <!-- TestJava.KeyWrdSearch -->
    </test> <!-- Default test -->
  </suite> <!-- Default suite -->
</testng-results>
