<?xml version="1.0" encoding="UTF-8"?>
<testng-results ignored="0" total="1" passed="1" failed="0" skipped="0">
  <reporter-output>
  </reporter-output>
  <suite started-at="2022-11-21T20:36:52 GMT" name="Default suite" finished-at="2022-11-21T20:37:17 GMT" duration-ms="24553">
    <groups>
    </groups>
    <test started-at="2022-11-21T20:36:52 GMT" name="Default test" finished-at="2022-11-21T20:37:17 GMT" duration-ms="24553">
      <class name="TestJava.KeyWrdSearch">
        <test-method is-config="true" signature="SetUp()[pri:0, instance:TestJava.KeyWrdSearch@6e20b53a]" started-at="2022-11-21T20:36:52 GMT" name="SetUp" finished-at="2022-11-21T20:36:55 GMT" duration-ms="3135" status="PASS">
          <reporter-output>
          </reporter-output>
        </test-method> <!-- SetUp -->
        <test-method signature="Search()[pri:0, instance:TestJava.KeyWrdSearch@6e20b53a]" started-at="2022-11-21T20:36:56 GMT" name="Search" finished-at="2022-11-21T20:37:00 GMT" duration-ms="4869" status="PASS">
          <reporter-output>
          </reporter-output>
        </test-method> <!-- Search -->
        <test-method is-config="true" signature="Close()[pri:0, instance:TestJava.KeyWrdSearch@6e20b53a]" started-at="2022-11-21T20:37:00 GMT" name="Close" finished-at="2022-11-21T20:37:17 GMT" duration-ms="16473" status="PASS">
          <reporter-output>
          </reporter-output>
        </test-method> <!-- Close -->
      </class> <!-- TestJava.KeyWrdSearch -->
    </test> <!-- Default test -->
  </suite> <!-- Default suite -->
</testng-results>
